#
# There is insufficient memory for the Java Runtime Environment to continue.
# Native memory allocation (malloc) failed to allocate 1169296 bytes. Error detail: Chunk::new
# Possible reasons:
#   The system is out of physical RAM or swap space
#   This process is running with CompressedOops enabled, and the Java Heap may be blocking the growth of the native heap
# Possible solutions:
#   Reduce memory load on the system
#   Increase physical memory or swap space
#   Check if swap backing store is full
#   Decrease Java heap size (-Xmx/-Xms)
#   Decrease number of Java threads
#   Decrease Java thread stack sizes (-Xss)
#   Set larger code cache with -XX:ReservedCodeCacheSize=
#   JVM is running with Unscaled Compressed Oops mode in which the Java heap is
#     placed in the first 4GB address space. The Java Heap base address is the
#     maximum limit for the native heap growth. Please use -XX:HeapBaseMinAddress
#     to set the Java Heap base and to place the Java Heap above 4GB virtual address.
# This output file may be truncated or incomplete.
#
#  Out of Memory Error (arena.cpp:168), pid=16552, tid=12976
#
# JRE version: OpenJDK Runtime Environment Temurin-21.0.10+7 (21.0.10+7) (build 21.0.10+7-LTS)
# Java VM: OpenJDK 64-Bit Server VM Temurin-21.0.10+7 (21.0.10+7-LTS, mixed mode, sharing, tiered, compressed oops, compressed class ptrs, parallel gc, windows-amd64)
# No core dump will be written. Minidumps are not enabled by default on client versions of Windows
#

---------------  S U M M A R Y ------------

Command Line: --add-modules=ALL-SYSTEM --add-opens=java.base/java.util=ALL-UNNAMED --add-opens=java.base/java.lang=ALL-UNNAMED --add-opens=java.base/sun.nio.fs=ALL-UNNAMED -Declipse.application=org.eclipse.jdt.ls.core.id1 -Dosgi.bundles.defaultStartLevel=4 -Declipse.product=org.eclipse.jdt.ls.core.product -Djava.import.generatesMetadataFilesAtProjectRoot=false -DDetectVMInstallationsJob.disabled=true -Dfile.encoding=utf8 -XX:+UseParallelGC -XX:GCTimeRatio=4 -XX:AdaptiveSizePolicyWeight=90 -Dsun.zip.disableMemoryMapping=true -Xmx2G -Xms100m -Xlog:disable -javaagent:c:\Users\User\.vscode\extensions\redhat.java-1.53.0-win32-x64\lombok\lombok-1.18.39-4050.jar -XX:+HeapDumpOnOutOfMemoryError -XX:HeapDumpPath=c:\Users\User\AppData\Roaming\Code\User\workspaceStorage\3056e157a3494908675395ae7100e33f\redhat.java -Daether.dependencyCollector.impl=bf c:\Users\User\.vscode\extensions\redhat.java-1.53.0-win32-x64\server\plugins\org.eclipse.equinox.launcher_1.7.100.v20251111-0406.jar -configuration c:\Users\User\AppData\Roaming\Code\User\globalStorage\redhat.java\1.53.0\config_win -data c:\Users\User\AppData\Roaming\Code\User\workspaceStorage\3056e157a3494908675395ae7100e33f\redhat.java\jdt_ws --pipe=\\.\pipe\lsp-e3e5fda1e4aa3be06cac4a4f7c3d36bf-sock

Host: Intel(R) Core(TM) i7-4600U CPU @ 2.10GHz, 4 cores, 7G,  Windows 10 , 64 bit Build 19041 (10.0.19041.5915)
Time: Wed Mar 25 15:19:33 2026 E. Africa Standard Time elapsed time: 24.799891 seconds (0d 0h 0m 24s)

---------------  T H R E A D  ---------------

Current thread (0x00000238bfebe360):  JavaThread "C2 CompilerThread0" daemon [_thread_in_native, id=12976, stack(0x0000006052a00000,0x0000006052b00000) (1024K)]


Current CompileTask:
C2:24800 10490       4       org.lombokweb.asm.ClassReader::readMethod (1070 bytes)

Stack: [0x0000006052a00000,0x0000006052b00000]
Native frames: (J=compiled Java code, j=interpreted, Vv=VM code, C=native code)
V  [jvm.dll+0x6d7a39]
V  [jvm.dll+0x8b4b26]
V  [jvm.dll+0x8b70de]
V  [jvm.dll+0x8b77c3]
V  [jvm.dll+0x284346]
V  [jvm.dll+0xc66ed]
V  [jvm.dll+0xc6c31]
V  [jvm.dll+0x3bec01]
V  [jvm.dll+0x38b162]
V  [jvm.dll+0x38a5aa]
V  [jvm.dll+0x24c560]
V  [jvm.dll+0x24bb40]
V  [jvm.dll+0x1cb34e]
V  [jvm.dll+0x25b85d]
V  [jvm.dll+0x259dea]
V  [jvm.dll+0x3f857e]
V  [jvm.dll+0x85f59d]
V  [jvm.dll+0x6d626d]
C  [ucrtbase.dll+0x21bb2]
C  [KERNEL32.DLL+0x17374]
C  [ntdll.dll+0x4cc91]


---------------  P R O C E S S  ---------------

Threads class SMR info:
_java_thread_list=0x0000023908a8f240, length=37, elements={
0x00000238a94c36d0, 0x00000238a957c4b0, 0x00000238a957ddc0, 0x00000238bfeb1140,
0x00000238bfeb4be0, 0x00000238bfeb6e60, 0x00000238bfebc720, 0x00000238bfebe360,
0x00000238bfec18b0, 0x0000023901d362c0, 0x0000023901d341f0, 0x0000023901d34880,
0x0000023901d36950, 0x0000023901d34f10, 0x0000023901d355a0, 0x0000023901d35c30,
0x0000023901d36fe0, 0x0000023901d37670, 0x0000023907104fa0, 0x0000023907101b20,
0x00000239071021b0, 0x0000023907105cc0, 0x0000023907102ed0, 0x0000023907103bf0,
0x0000023907102840, 0x0000023907100e00, 0x0000023907101490, 0x0000023907103560,
0x0000023907104280, 0x0000023907104910, 0x00000239070ff3c0, 0x0000023907106350,
0x00000239071069e0, 0x00000239070ffa50, 0x00000239071000e0, 0x000002390aec9200,
0x0000023906d7ff10
}

Java Threads: ( => current thread )
  0x00000238a94c36d0 JavaThread "main"                              [_thread_blocked, id=9996, stack(0x0000006052000000,0x0000006052100000) (1024K)]
  0x00000238a957c4b0 JavaThread "Reference Handler"          daemon [_thread_blocked, id=7236, stack(0x0000006052400000,0x0000006052500000) (1024K)]
  0x00000238a957ddc0 JavaThread "Finalizer"                  daemon [_thread_blocked, id=956, stack(0x0000006052500000,0x0000006052600000) (1024K)]
  0x00000238bfeb1140 JavaThread "Signal Dispatcher"          daemon [_thread_blocked, id=11392, stack(0x0000006052600000,0x0000006052700000) (1024K)]
  0x00000238bfeb4be0 JavaThread "Attach Listener"            daemon [_thread_blocked, id=12756, stack(0x0000006052700000,0x0000006052800000) (1024K)]
  0x00000238bfeb6e60 JavaThread "Service Thread"             daemon [_thread_blocked, id=11416, stack(0x0000006052800000,0x0000006052900000) (1024K)]
  0x00000238bfebc720 JavaThread "Monitor Deflation Thread"   daemon [_thread_blocked, id=15588, stack(0x0000006052900000,0x0000006052a00000) (1024K)]
=>0x00000238bfebe360 JavaThread "C2 CompilerThread0"         daemon [_thread_in_native, id=12976, stack(0x0000006052a00000,0x0000006052b00000) (1024K)]
  0x00000238bfec18b0 JavaThread "C1 CompilerThread0"         daemon [_thread_blocked, id=7800, stack(0x0000006052b00000,0x0000006052c00000) (1024K)]
  0x0000023901d362c0 JavaThread "Common-Cleaner"             daemon [_thread_blocked, id=6088, stack(0x0000006052c00000,0x0000006052d00000) (1024K)]
  0x0000023901d341f0 JavaThread "Notification Thread"        daemon [_thread_blocked, id=12932, stack(0x0000006052e00000,0x0000006052f00000) (1024K)]
  0x0000023901d34880 JavaThread "Active Thread: Equinox Container: 01ac61b9-bd12-48e4-8232-af5c53b4912f"        [_thread_blocked, id=6032, stack(0x0000006052d00000,0x0000006052e00000) (1024K)]
  0x0000023901d36950 JavaThread "Refresh Thread: Equinox Container: 01ac61b9-bd12-48e4-8232-af5c53b4912f" daemon [_thread_blocked, id=6248, stack(0x0000006053300000,0x0000006053400000) (1024K)]
  0x0000023901d34f10 JavaThread "Framework Event Dispatcher: Equinox Container: 01ac61b9-bd12-48e4-8232-af5c53b4912f" daemon [_thread_blocked, id=8640, stack(0x0000006053400000,0x0000006053500000) (1024K)]
  0x0000023901d355a0 JavaThread "Start Level: Equinox Container: 01ac61b9-bd12-48e4-8232-af5c53b4912f" daemon [_thread_blocked, id=16328, stack(0x0000006053500000,0x0000006053600000) (1024K)]
  0x0000023901d35c30 JavaThread "Bundle File Closer"         daemon [_thread_blocked, id=16264, stack(0x0000006053600000,0x0000006053700000) (1024K)]
  0x0000023901d36fe0 JavaThread "SCR Component Actor"        daemon [_thread_blocked, id=9184, stack(0x0000006053200000,0x0000006053300000) (1024K)]
  0x0000023901d37670 JavaThread "Worker-JM"                         [_thread_blocked, id=16244, stack(0x0000006053800000,0x0000006053900000) (1024K)]
  0x0000023907104fa0 JavaThread "JNA Cleaner"                daemon [_thread_blocked, id=16900, stack(0x0000006053700000,0x0000006053800000) (1024K)]
  0x0000023907101b20 JavaThread "Worker-0"                          [_thread_blocked, id=15000, stack(0x0000006053900000,0x0000006053a00000) (1024K)]
  0x00000239071021b0 JavaThread "Worker-1"                          [_thread_blocked, id=16736, stack(0x0000006053a00000,0x0000006053b00000) (1024K)]
  0x0000023907105cc0 JavaThread "Java indexing"              daemon [_thread_blocked, id=15600, stack(0x0000006053c00000,0x0000006053d00000) (1024K)]
  0x0000023907102ed0 JavaThread "Worker-2"                          [_thread_blocked, id=10884, stack(0x0000006053d00000,0x0000006053e00000) (1024K)]
  0x0000023907103bf0 JavaThread "Worker-3"                          [_thread_blocked, id=13688, stack(0x0000006054000000,0x0000006054100000) (1024K)]
  0x0000023907102840 JavaThread "Worker-4: Initialize workspace"        [_thread_blocked, id=16768, stack(0x0000006054100000,0x0000006054200000) (1024K)]
  0x0000023907100e00 JavaThread "Thread-1"                   daemon [_thread_in_native, id=14680, stack(0x0000006054200000,0x0000006054300000) (1024K)]
  0x0000023907101490 JavaThread "Thread-2"                   daemon [_thread_in_native, id=3456, stack(0x0000006054300000,0x0000006054400000) (1024K)]
  0x0000023907103560 JavaThread "Thread-3"                   daemon [_thread_in_native, id=13504, stack(0x0000006054400000,0x0000006054500000) (1024K)]
  0x0000023907104280 JavaThread "Thread-4"                   daemon [_thread_in_native, id=10720, stack(0x0000006054500000,0x0000006054600000) (1024K)]
  0x0000023907104910 JavaThread "Thread-5"                   daemon [_thread_in_native, id=15408, stack(0x0000006054600000,0x0000006054700000) (1024K)]
  0x00000239070ff3c0 JavaThread "pool-2-thread-1"                   [_thread_blocked, id=6876, stack(0x0000006054700000,0x0000006054800000) (1024K)]
  0x0000023907106350 JavaThread "WorkspaceEventsHandler"            [_thread_blocked, id=12388, stack(0x0000006054800000,0x0000006054900000) (1024K)]
  0x00000239071069e0 JavaThread "pool-1-thread-1"                   [_thread_blocked, id=16840, stack(0x0000006054900000,0x0000006054a00000) (1024K)]
  0x00000239070ffa50 JavaThread "ForkJoinPool.commonPool-worker-1" daemon [_thread_blocked, id=6452, stack(0x0000006054a00000,0x0000006054b00000) (1024K)]
  0x00000239071000e0 JavaThread "ForkJoinPool.commonPool-worker-2" daemon [_thread_blocked, id=10516, stack(0x0000006054b00000,0x0000006054c00000) (1024K)]
  0x000002390aec9200 JavaThread "ForkJoinPool.commonPool-worker-3" daemon [_thread_in_native, id=10204, stack(0x0000006054c00000,0x0000006054d00000) (1024K)]
  0x0000023906d7ff10 JavaThread "C2 CompilerThread1"         daemon [_thread_in_native, id=4808, stack(0x0000006053b00000,0x0000006053c00000) (1024K)]
Total: 37

Other Threads:
  0x00000238a955f270 VMThread "VM Thread"                           [id=14816, stack(0x0000006052300000,0x0000006052400000) (1024K)]
  0x00000238a952b8d0 WatcherThread "VM Periodic Task Thread"        [id=16336, stack(0x0000006052200000,0x0000006052300000) (1024K)]
  0x00000238a94e08e0 WorkerThread "GC Thread#0"                     [id=10200, stack(0x0000006052100000,0x0000006052200000) (1024K)]
  0x0000023906200780 WorkerThread "GC Thread#1"                     [id=7576, stack(0x0000006052f00000,0x0000006053000000) (1024K)]
  0x0000023906200b30 WorkerThread "GC Thread#2"                     [id=2348, stack(0x0000006053000000,0x0000006053100000) (1024K)]
  0x00000239061ff8c0 WorkerThread "GC Thread#3"                     [id=15308, stack(0x0000006053100000,0x0000006053200000) (1024K)]
Total: 6

Threads with active compile tasks:
C2 CompilerThread0  24832 10490       4       org.lombokweb.asm.ClassReader::readMethod (1070 bytes)
C2 CompilerThread1  24833 10687       4       java.util.zip.ZipFile$Source::initCEN (612 bytes)
Total: 2

VM state: not at safepoint (normal execution)

VM Mutex/Monitor currently owned by a thread: None

Heap address: 0x0000000080000000, size: 2048 MB, Compressed Oops mode: 32-bit

CDS archive(s) mapped at: [0x00000238c0000000-0x00000238c0ba0000-0x00000238c0ba0000), size 12189696, SharedBaseAddress: 0x00000238c0000000, ArchiveRelocationMode: 1.
Compressed class space mapped at: 0x00000238c1000000-0x0000023901000000, reserved size: 1073741824
Narrow klass base: 0x00000238c0000000, Narrow klass shift: 0, Narrow klass range: 0x100000000

GC Precious Log:
 CardTable entry size: 512
 CPUs: 4 total, 4 available
 Memory: 8089M
 Large Page Support: Disabled
 NUMA Support: Disabled
 Compressed Oops: Enabled (32-bit)
 Alignments: Space 512K, Generation 512K, Heap 2M
 Heap Min Capacity: 100M
 Heap Initial Capacity: 100M
 Heap Max Capacity: 2G
 Pre-touch: Disabled
 Parallel Workers: 4

Heap:
 PSYoungGen      total 20480K, used 12566K [0x00000000d5580000, 0x00000000d6a80000, 0x0000000100000000)
  eden space 19456K, 60% used [0x00000000d5580000,0x00000000d6108860,0x00000000d6880000)
  from space 1024K, 73% used [0x00000000d6900000,0x00000000d69bd240,0x00000000d6a00000)
  to   space 512K, 0% used [0x00000000d6a00000,0x00000000d6a00000,0x00000000d6a80000)
 ParOldGen       total 86016K, used 69142K [0x0000000080000000, 0x0000000085400000, 0x00000000d5580000)
  object space 86016K, 80% used [0x0000000080000000,0x0000000084385b70,0x0000000085400000)
 Metaspace       used 62810K, committed 64192K, reserved 1114112K
  class space    used 6584K, committed 7168K, reserved 1048576K

Card table byte_map: [0x00000238a8e70000,0x00000238a9280000] _byte_map_base: 0x00000238a8a70000

Marking Bits: (ParMarkBitMap*) 0x00007ff830133450
 Begin Bits: [0x00000238bb970000, 0x00000238bd970000)
 End Bits:   [0x00000238bd970000, 0x00000238bf970000)

Polling page: 0x00000238a74b0000

Metaspace:

Usage:
  Non-class:     54.91 MB used.
      Class:      6.43 MB used.
       Both:     61.34 MB used.

Virtual space:
  Non-class space:       64.00 MB reserved,      55.69 MB ( 87%) committed,  1 nodes.
      Class space:        1.00 GB reserved,       7.00 MB ( <1%) committed,  1 nodes.
             Both:        1.06 GB reserved,      62.69 MB (  6%) committed. 

Chunk freelists:
   Non-Class:  7.97 MB
       Class:  8.88 MB
        Both:  16.84 MB

MaxMetaspaceSize: unlimited
CompressedClassSpaceSize: 1.00 GB
Initial GC threshold: 21.00 MB
Current GC threshold: 97.31 MB
CDS: on
 - commit_granule_bytes: 65536.
 - commit_granule_words: 8192.
 - virtual_space_node_default_size: 8388608.
 - enlarge_chunks_in_place: 1.
 - use_allocation_guard: 0.


Internal statistics:

num_allocs_failed_limit: 11.
num_arena_births: 1118.
num_arena_deaths: 14.
num_vsnodes_births: 2.
num_vsnodes_deaths: 0.
num_space_committed: 1002.
num_space_uncommitted: 0.
num_chunks_returned_to_freelist: 25.
num_chunks_taken_from_freelist: 3984.
num_chunk_merges: 16.
num_chunk_splits: 2505.
num_chunks_enlarged: 1447.
num_inconsistent_stats: 0.

CodeHeap 'non-profiled nmethods': size=120000Kb used=6650Kb max_used=6650Kb free=113349Kb
 bounds [0x00000238b4190000, 0x00000238b4810000, 0x00000238bb6c0000]
CodeHeap 'profiled nmethods': size=120000Kb used=22270Kb max_used=22270Kb free=97729Kb
 bounds [0x00000238ac6c0000, 0x00000238adc90000, 0x00000238b3bf0000]
CodeHeap 'non-nmethods': size=5760Kb used=1425Kb max_used=1496Kb free=4334Kb
 bounds [0x00000238b3bf0000, 0x00000238b3e60000, 0x00000238b4190000]
CodeCache: size=245760Kb, used=30345Kb, max_used=30416Kb, free=215412Kb
 total_blobs=10682, nmethods=9940, adapters=648, full_count=0
Compilation: enabled, stopped_count=0, restarted_count=0

Compilation events (20 events):
Event: 24.784 Thread 0x00000238bfec18b0 10727       2       org.eclipse.m2e.core.internal.preferences.MavenConfigurationImpl::getSettingsLocations (61 bytes)
Event: 24.785 Thread 0x00000238bfec18b0 nmethod 10727 0x00000238adc77490 code [0x00000238adc77680, 0x00000238adc77ab0]
Event: 24.785 Thread 0x00000238bfec18b0 10728       2       org.eclipse.m2e.core.internal.embedder.MavenImpl::getSettings (25 bytes)
Event: 24.786 Thread 0x00000238bfec18b0 nmethod 10728 0x00000238adc77d90 code [0x00000238adc77f60, 0x00000238adc78188]
Event: 24.786 Thread 0x00000238bfec18b0 10729       2       org.eclipse.m2e.core.internal.embedder.MavenImpl$$Lambda/0x00000238c12aef60::<init> (10 bytes)
Event: 24.786 Thread 0x00000238bfec18b0 nmethod 10729 0x00000238adc78310 code [0x00000238adc784a0, 0x00000238adc785c0]
Event: 24.787 Thread 0x00000238bfec18b0 10730       2       org.eclipse.m2e.core.embedder.MavenSettingsLocations::equals (8 bytes)
Event: 24.788 Thread 0x00000238bfec18b0 nmethod 10730 0x00000238adc78690 code [0x00000238adc78920, 0x00000238adc79048]
Event: 24.789 Thread 0x0000023906d7ff10 nmethod 10484 0x00000238b4806010 code [0x00000238b4806860, 0x00000238b480a998]
Event: 24.790 Thread 0x0000023906d7ff10 10683 %     4       java.util.jar.JarFile::match @ 14 (132 bytes)
Event: 24.791 Thread 0x00000238bfec18b0 10731       2       org.apache.maven.repository.legacy.LegacyRepositorySystem::createRepository (41 bytes)
Event: 24.791 Thread 0x00000238bfec18b0 nmethod 10731 0x00000238adc79610 code [0x00000238adc797c0, 0x00000238adc79ac0]
Event: 24.794 Thread 0x00000238bfec18b0 10732       2       org.eclipse.m2e.core.internal.embedder.MavenImpl::getSettings (14 bytes)
Event: 24.795 Thread 0x00000238bfec18b0 nmethod 10732 0x00000238adc79c10 code [0x00000238adc79e00, 0x00000238adc7a098]
Event: 24.795 Thread 0x00000238bfec18b0 10733       2       org.apache.maven.repository.legacy.LegacyRepositorySystem::createLocalRepository (40 bytes)
Event: 24.795 Thread 0x00000238bfec18b0 nmethod 10733 0x00000238adc7a310 code [0x00000238adc7a520, 0x00000238adc7a870]
Event: 24.795 Thread 0x00000238bfec18b0 10734       2       org.apache.maven.artifact.repository.MavenArtifactRepository::decode (92 bytes)
Event: 24.796 Thread 0x00000238bfec18b0 nmethod 10734 0x00000238adc7aa90 code [0x00000238adc7acc0, 0x00000238adc7b178]
Event: 24.797 Thread 0x0000023906d7ff10 nmethod 10683% 0x00000238b480d990 code [0x00000238b480db40, 0x00000238b480df58]
Event: 24.797 Thread 0x0000023906d7ff10 10668       4       java.util.zip.ZipFile$Source::isMetaName (141 bytes)

GC Heap History (20 events):
Event: 22.044 GC heap before
{Heap before GC invocations=71 (full 2):
 PSYoungGen      total 20992K, used 20768K [0x00000000d5580000, 0x00000000d6b80000, 0x0000000100000000)
  eden space 19456K, 100% used [0x00000000d5580000,0x00000000d6880000,0x00000000d6880000)
  from space 1536K, 85% used [0x00000000d6a00000,0x00000000d6b48020,0x00000000d6b80000)
  to   space 1536K, 0% used [0x00000000d6880000,0x00000000d6880000,0x00000000d6a00000)
 ParOldGen       total 83456K, used 83356K [0x0000000080000000, 0x0000000085180000, 0x00000000d5580000)
  object space 83456K, 99% used [0x0000000080000000,0x0000000085167168,0x0000000085180000)
 Metaspace       used 57799K, committed 59136K, reserved 1114112K
  class space    used 6156K, committed 6720K, reserved 1048576K
}
Event: 22.048 GC heap after
{Heap after GC invocations=71 (full 2):
 PSYoungGen      total 20480K, used 528K [0x00000000d5580000, 0x00000000d6a80000, 0x0000000100000000)
  eden space 19456K, 0% used [0x00000000d5580000,0x00000000d5580000,0x00000000d6880000)
  from space 1024K, 51% used [0x00000000d6880000,0x00000000d6904010,0x00000000d6980000)
  to   space 1024K, 0% used [0x00000000d6980000,0x00000000d6980000,0x00000000d6a80000)
 ParOldGen       total 84480K, used 84413K [0x0000000080000000, 0x0000000085280000, 0x00000000d5580000)
  object space 84480K, 99% used [0x0000000080000000,0x000000008526f4d0,0x0000000085280000)
 Metaspace       used 57799K, committed 59136K, reserved 1114112K
  class space    used 6156K, committed 6720K, reserved 1048576K
}
Event: 22.275 GC heap before
{Heap before GC invocations=72 (full 2):
 PSYoungGen      total 20480K, used 19984K [0x00000000d5580000, 0x00000000d6a80000, 0x0000000100000000)
  eden space 19456K, 100% used [0x00000000d5580000,0x00000000d6880000,0x00000000d6880000)
  from space 1024K, 51% used [0x00000000d6880000,0x00000000d6904010,0x00000000d6980000)
  to   space 1024K, 0% used [0x00000000d6980000,0x00000000d6980000,0x00000000d6a80000)
 ParOldGen       total 84480K, used 84413K [0x0000000080000000, 0x0000000085280000, 0x00000000d5580000)
  object space 84480K, 99% used [0x0000000080000000,0x000000008526f4d0,0x0000000085280000)
 Metaspace       used 57920K, committed 59264K, reserved 1114112K
  class space    used 6159K, committed 6720K, reserved 1048576K
}
Event: 22.284 GC heap after
{Heap after GC invocations=72 (full 2):
 PSYoungGen      total 20480K, used 576K [0x00000000d5580000, 0x00000000d6a80000, 0x0000000100000000)
  eden space 19456K, 0% used [0x00000000d5580000,0x00000000d5580000,0x00000000d6880000)
  from space 1024K, 56% used [0x00000000d6980000,0x00000000d6a10000,0x00000000d6a80000)
  to   space 1024K, 0% used [0x00000000d6880000,0x00000000d6880000,0x00000000d6980000)
 ParOldGen       total 84992K, used 84885K [0x0000000080000000, 0x0000000085300000, 0x00000000d5580000)
  object space 84992K, 99% used [0x0000000080000000,0x00000000852e54e0,0x0000000085300000)
 Metaspace       used 57920K, committed 59264K, reserved 1114112K
  class space    used 6159K, committed 6720K, reserved 1048576K
}
Event: 22.413 GC heap before
{Heap before GC invocations=73 (full 2):
 PSYoungGen      total 20480K, used 20032K [0x00000000d5580000, 0x00000000d6a80000, 0x0000000100000000)
  eden space 19456K, 100% used [0x00000000d5580000,0x00000000d6880000,0x00000000d6880000)
  from space 1024K, 56% used [0x00000000d6980000,0x00000000d6a10000,0x00000000d6a80000)
  to   space 1024K, 0% used [0x00000000d6880000,0x00000000d6880000,0x00000000d6980000)
 ParOldGen       total 84992K, used 84885K [0x0000000080000000, 0x0000000085300000, 0x00000000d5580000)
  object space 84992K, 99% used [0x0000000080000000,0x00000000852e54e0,0x0000000085300000)
 Metaspace       used 57920K, committed 59264K, reserved 1114112K
  class space    used 6159K, committed 6720K, reserved 1048576K
}
Event: 22.416 GC heap after
{Heap after GC invocations=73 (full 2):
 PSYoungGen      total 20480K, used 320K [0x00000000d5580000, 0x00000000d6a00000, 0x0000000100000000)
  eden space 19456K, 0% used [0x00000000d5580000,0x00000000d5580000,0x00000000d6880000)
  from space 1024K, 31% used [0x00000000d6880000,0x00000000d68d0000,0x00000000d6980000)
  to   space 512K, 0% used [0x00000000d6980000,0x00000000d6980000,0x00000000d6a00000)
 ParOldGen       total 85504K, used 85381K [0x0000000080000000, 0x0000000085380000, 0x00000000d5580000)
  object space 85504K, 99% used [0x0000000080000000,0x00000000853614f0,0x0000000085380000)
 Metaspace       used 57920K, committed 59264K, reserved 1114112K
  class space    used 6159K, committed 6720K, reserved 1048576K
}
Event: 22.516 GC heap before
{Heap before GC invocations=74 (full 2):
 PSYoungGen      total 20480K, used 4914K [0x00000000d5580000, 0x00000000d6a00000, 0x0000000100000000)
  eden space 19456K, 23% used [0x00000000d5580000,0x00000000d59fc9b0,0x00000000d6880000)
  from space 1024K, 31% used [0x00000000d6880000,0x00000000d68d0000,0x00000000d6980000)
  to   space 512K, 0% used [0x00000000d6980000,0x00000000d6980000,0x00000000d6a00000)
 ParOldGen       total 85504K, used 85381K [0x0000000080000000, 0x0000000085380000, 0x00000000d5580000)
  object space 85504K, 99% used [0x0000000080000000,0x00000000853614f0,0x0000000085380000)
 Metaspace       used 58435K, committed 59776K, reserved 1114112K
  class space    used 6184K, committed 6784K, reserved 1048576K
}
Event: 22.518 GC heap after
{Heap after GC invocations=74 (full 2):
 PSYoungGen      total 19968K, used 272K [0x00000000d5580000, 0x00000000d6a00000, 0x0000000100000000)
  eden space 19456K, 0% used [0x00000000d5580000,0x00000000d5580000,0x00000000d6880000)
  from space 512K, 53% used [0x00000000d6980000,0x00000000d69c4010,0x00000000d6a00000)
  to   space 512K, 0% used [0x00000000d6900000,0x00000000d6900000,0x00000000d6980000)
 ParOldGen       total 86016K, used 85565K [0x0000000080000000, 0x0000000085400000, 0x00000000d5580000)
  object space 86016K, 99% used [0x0000000080000000,0x000000008538f4f0,0x0000000085400000)
 Metaspace       used 58435K, committed 59776K, reserved 1114112K
  class space    used 6184K, committed 6784K, reserved 1048576K
}
Event: 22.518 GC heap before
{Heap before GC invocations=75 (full 3):
 PSYoungGen      total 19968K, used 272K [0x00000000d5580000, 0x00000000d6a00000, 0x0000000100000000)
  eden space 19456K, 0% used [0x00000000d5580000,0x00000000d5580000,0x00000000d6880000)
  from space 512K, 53% used [0x00000000d6980000,0x00000000d69c4010,0x00000000d6a00000)
  to   space 512K, 0% used [0x00000000d6900000,0x00000000d6900000,0x00000000d6980000)
 ParOldGen       total 86016K, used 85565K [0x0000000080000000, 0x0000000085400000, 0x00000000d5580000)
  object space 86016K, 99% used [0x0000000080000000,0x000000008538f4f0,0x0000000085400000)
 Metaspace       used 58435K, committed 59776K, reserved 1114112K
  class space    used 6184K, committed 6784K, reserved 1048576K
}
Event: 22.774 GC heap after
{Heap after GC invocations=75 (full 3):
 PSYoungGen      total 19968K, used 0K [0x00000000d5580000, 0x00000000d6a00000, 0x0000000100000000)
  eden space 19456K, 0% used [0x00000000d5580000,0x00000000d5580000,0x00000000d6880000)
  from space 512K, 0% used [0x00000000d6980000,0x00000000d6980000,0x00000000d6a00000)
  to   space 512K, 0% used [0x00000000d6900000,0x00000000d6900000,0x00000000d6980000)
 ParOldGen       total 86016K, used 65691K [0x0000000080000000, 0x0000000085400000, 0x00000000d5580000)
  object space 86016K, 76% used [0x0000000080000000,0x0000000084026c40,0x0000000085400000)
 Metaspace       used 58435K, committed 59776K, reserved 1114112K
  class space    used 6184K, committed 6784K, reserved 1048576K
}
Event: 23.482 GC heap before
{Heap before GC invocations=76 (full 3):
 PSYoungGen      total 19968K, used 19375K [0x00000000d5580000, 0x00000000d6a00000, 0x0000000100000000)
  eden space 19456K, 99% used [0x00000000d5580000,0x00000000d686bf58,0x00000000d6880000)
  from space 512K, 0% used [0x00000000d6980000,0x00000000d6980000,0x00000000d6a00000)
  to   space 512K, 0% used [0x00000000d6900000,0x00000000d6900000,0x00000000d6980000)
 ParOldGen       total 86016K, used 65691K [0x0000000080000000, 0x0000000085400000, 0x00000000d5580000)
  object space 86016K, 76% used [0x0000000080000000,0x0000000084026c40,0x0000000085400000)
 Metaspace       used 59555K, committed 60928K, reserved 1114112K
  class space    used 6298K, committed 6912K, reserved 1048576K
}
Event: 23.488 GC heap after
{Heap after GC invocations=76 (full 3):
 PSYoungGen      total 19968K, used 487K [0x00000000d5580000, 0x00000000d6d80000, 0x0000000100000000)
  eden space 19456K, 0% used [0x00000000d5580000,0x00000000d5580000,0x00000000d6880000)
  from space 512K, 95% used [0x00000000d6900000,0x00000000d6979e68,0x00000000d6980000)
  to   space 2560K, 0% used [0x00000000d6b00000,0x00000000d6b00000,0x00000000d6d80000)
 ParOldGen       total 86016K, used 67214K [0x0000000080000000, 0x0000000085400000, 0x00000000d5580000)
  object space 86016K, 78% used [0x0000000080000000,0x00000000841a3800,0x0000000085400000)
 Metaspace       used 59555K, committed 60928K, reserved 1114112K
  class space    used 6298K, committed 6912K, reserved 1048576K
}
Event: 23.694 GC heap before
{Heap before GC invocations=77 (full 3):
 PSYoungGen      total 19968K, used 19943K [0x00000000d5580000, 0x00000000d6d80000, 0x0000000100000000)
  eden space 19456K, 100% used [0x00000000d5580000,0x00000000d6880000,0x00000000d6880000)
  from space 512K, 95% used [0x00000000d6900000,0x00000000d6979e68,0x00000000d6980000)
  to   space 2560K, 0% used [0x00000000d6b00000,0x00000000d6b00000,0x00000000d6d80000)
 ParOldGen       total 86016K, used 67214K [0x0000000080000000, 0x0000000085400000, 0x00000000d5580000)
  object space 86016K, 78% used [0x0000000080000000,0x00000000841a3800,0x0000000085400000)
 Metaspace       used 60151K, committed 61504K, reserved 1114112K
  class space    used 6373K, committed 6976K, reserved 1048576K
}
Event: 23.696 GC heap after
{Heap after GC invocations=77 (full 3):
 PSYoungGen      total 21504K, used 1598K [0x00000000d5580000, 0x00000000d6d00000, 0x0000000100000000)
  eden space 19456K, 0% used [0x00000000d5580000,0x00000000d5580000,0x00000000d6880000)
  from space 2048K, 78% used [0x00000000d6b00000,0x00000000d6c8f858,0x00000000d6d00000)
  to   space 2048K, 0% used [0x00000000d6900000,0x00000000d6900000,0x00000000d6b00000)
 ParOldGen       total 86016K, used 67701K [0x0000000080000000, 0x0000000085400000, 0x00000000d5580000)
  object space 86016K, 78% used [0x0000000080000000,0x000000008421d688,0x0000000085400000)
 Metaspace       used 60151K, committed 61504K, reserved 1114112K
  class space    used 6373K, committed 6976K, reserved 1048576K
}
Event: 23.948 GC heap before
{Heap before GC invocations=78 (full 3):
 PSYoungGen      total 21504K, used 21054K [0x00000000d5580000, 0x00000000d6d00000, 0x0000000100000000)
  eden space 19456K, 100% used [0x00000000d5580000,0x00000000d6880000,0x00000000d6880000)
  from space 2048K, 78% used [0x00000000d6b00000,0x00000000d6c8f858,0x00000000d6d00000)
  to   space 2048K, 0% used [0x00000000d6900000,0x00000000d6900000,0x00000000d6b00000)
 ParOldGen       total 86016K, used 67701K [0x0000000080000000, 0x0000000085400000, 0x00000000d5580000)
  object space 86016K, 78% used [0x0000000080000000,0x000000008421d688,0x0000000085400000)
 Metaspace       used 60508K, committed 61824K, reserved 1114112K
  class space    used 6397K, committed 6976K, reserved 1048576K
}
Event: 23.949 GC heap after
{Heap after GC invocations=78 (full 3):
 PSYoungGen      total 20480K, used 797K [0x00000000d5580000, 0x00000000d6b80000, 0x0000000100000000)
  eden space 19456K, 0% used [0x00000000d5580000,0x00000000d5580000,0x00000000d6880000)
  from space 1024K, 77% used [0x00000000d6900000,0x00000000d69c7418,0x00000000d6a00000)
  to   space 1536K, 0% used [0x00000000d6a00000,0x00000000d6a00000,0x00000000d6b80000)
 ParOldGen       total 86016K, used 68933K [0x0000000080000000, 0x0000000085400000, 0x00000000d5580000)
  object space 86016K, 80% used [0x0000000080000000,0x00000000843516f0,0x0000000085400000)
 Metaspace       used 60508K, committed 61824K, reserved 1114112K
  class space    used 6397K, committed 6976K, reserved 1048576K
}
Event: 24.192 GC heap before
{Heap before GC invocations=79 (full 3):
 PSYoungGen      total 20480K, used 20253K [0x00000000d5580000, 0x00000000d6b80000, 0x0000000100000000)
  eden space 19456K, 100% used [0x00000000d5580000,0x00000000d6880000,0x00000000d6880000)
  from space 1024K, 77% used [0x00000000d6900000,0x00000000d69c7418,0x00000000d6a00000)
  to   space 1536K, 0% used [0x00000000d6a00000,0x00000000d6a00000,0x00000000d6b80000)
 ParOldGen       total 86016K, used 68933K [0x0000000080000000, 0x0000000085400000, 0x00000000d5580000)
  object space 86016K, 80% used [0x0000000080000000,0x00000000843516f0,0x0000000085400000)
 Metaspace       used 61606K, committed 62976K, reserved 1114112K
  class space    used 6489K, committed 7104K, reserved 1048576K
}
Event: 24.195 GC heap after
{Heap after GC invocations=79 (full 3):
 PSYoungGen      total 20480K, used 564K [0x00000000d5580000, 0x00000000d6b00000, 0x0000000100000000)
  eden space 19456K, 0% used [0x00000000d5580000,0x00000000d5580000,0x00000000d6880000)
  from space 1024K, 55% used [0x00000000d6a00000,0x00000000d6a8d200,0x00000000d6b00000)
  to   space 1024K, 0% used [0x00000000d6900000,0x00000000d6900000,0x00000000d6a00000)
 ParOldGen       total 86016K, used 69054K [0x0000000080000000, 0x0000000085400000, 0x00000000d5580000)
  object space 86016K, 80% used [0x0000000080000000,0x000000008436fb70,0x0000000085400000)
 Metaspace       used 61606K, committed 62976K, reserved 1114112K
  class space    used 6489K, committed 7104K, reserved 1048576K
}
Event: 24.577 GC heap before
{Heap before GC invocations=80 (full 3):
 PSYoungGen      total 20480K, used 20011K [0x00000000d5580000, 0x00000000d6b00000, 0x0000000100000000)
  eden space 19456K, 99% used [0x00000000d5580000,0x00000000d687dc30,0x00000000d6880000)
  from space 1024K, 55% used [0x00000000d6a00000,0x00000000d6a8d200,0x00000000d6b00000)
  to   space 1024K, 0% used [0x00000000d6900000,0x00000000d6900000,0x00000000d6a00000)
 ParOldGen       total 86016K, used 69054K [0x0000000080000000, 0x0000000085400000, 0x00000000d5580000)
  object space 86016K, 80% used [0x0000000080000000,0x000000008436fb70,0x0000000085400000)
 Metaspace       used 62748K, committed 64064K, reserved 1114112K
  class space    used 6582K, committed 7168K, reserved 1048576K
}
Event: 24.578 GC heap after
{Heap after GC invocations=80 (full 3):
 PSYoungGen      total 20480K, used 756K [0x00000000d5580000, 0x00000000d6a80000, 0x0000000100000000)
  eden space 19456K, 0% used [0x00000000d5580000,0x00000000d5580000,0x00000000d6880000)
  from space 1024K, 73% used [0x00000000d6900000,0x00000000d69bd240,0x00000000d6a00000)
  to   space 512K, 0% used [0x00000000d6a00000,0x00000000d6a00000,0x00000000d6a80000)
 ParOldGen       total 86016K, used 69142K [0x0000000080000000, 0x0000000085400000, 0x00000000d5580000)
  object space 86016K, 80% used [0x0000000080000000,0x0000000084385b70,0x0000000085400000)
 Metaspace       used 62748K, committed 64064K, reserved 1114112K
  class space    used 6582K, committed 7168K, reserved 1048576K
}

Dll operation events (10 events):
Event: 0.016 Loaded shared library c:\Users\User\.vscode\extensions\redhat.java-1.53.0-win32-x64\jre\21.0.10-win32-x86_64\bin\java.dll
Event: 0.126 Loaded shared library c:\Users\User\.vscode\extensions\redhat.java-1.53.0-win32-x64\jre\21.0.10-win32-x86_64\bin\zip.dll
Event: 0.160 Loaded shared library C:\Users\User\.vscode\extensions\redhat.java-1.53.0-win32-x64\jre\21.0.10-win32-x86_64\bin\instrument.dll
Event: 0.168 Loaded shared library C:\Users\User\.vscode\extensions\redhat.java-1.53.0-win32-x64\jre\21.0.10-win32-x86_64\bin\net.dll
Event: 0.173 Loaded shared library C:\Users\User\.vscode\extensions\redhat.java-1.53.0-win32-x64\jre\21.0.10-win32-x86_64\bin\nio.dll
Event: 0.177 Loaded shared library C:\Users\User\.vscode\extensions\redhat.java-1.53.0-win32-x64\jre\21.0.10-win32-x86_64\bin\zip.dll
Event: 0.199 Loaded shared library C:\Users\User\.vscode\extensions\redhat.java-1.53.0-win32-x64\jre\21.0.10-win32-x86_64\bin\jimage.dll
Event: 0.320 Loaded shared library c:\Users\User\.vscode\extensions\redhat.java-1.53.0-win32-x64\jre\21.0.10-win32-x86_64\bin\verify.dll
Event: 2.915 Loaded shared library C:\Users\User\AppData\Roaming\Code\User\globalStorage\redhat.java\1.53.0\config_win\org.eclipse.equinox.launcher\org.eclipse.equinox.launcher.win32.win32.x86_64_1.3.0.v20260203-2149\eclipse_11919.dll
Event: 4.944 Loaded shared library C:\Users\User\AppData\Local\Temp\jna-2645995\jna6685639644298272651.dll

Deoptimization events (20 events):
Event: 24.549 Thread 0x00000239071000e0 DEOPT PACKING pc=0x00000238b4740524 sp=0x0000006054bfe780
Event: 24.549 Thread 0x00000239071000e0 DEOPT UNPACKING pc=0x00000238b3c43aa2 sp=0x0000006054bfe730 mode 2
Event: 24.554 Thread 0x0000023907102840 DEOPT PACKING pc=0x00000238adc57fd6 sp=0x00000060541fe680
Event: 24.554 Thread 0x0000023907102840 DEOPT UNPACKING pc=0x00000238b3c44242 sp=0x00000060541fdb10 mode 0
Event: 24.557 Thread 0x0000023907102840 DEOPT PACKING pc=0x00000238ad851067 sp=0x00000060541fe0d0
Event: 24.557 Thread 0x0000023907102840 DEOPT UNPACKING pc=0x00000238b3c44242 sp=0x00000060541fd640 mode 0
Event: 24.570 Thread 0x0000023907102840 DEOPT PACKING pc=0x00000238ad851067 sp=0x00000060541fdfa0
Event: 24.570 Thread 0x0000023907102840 DEOPT UNPACKING pc=0x00000238b3c44242 sp=0x00000060541fd510 mode 0
Event: 24.581 Thread 0x000002390aec9200 DEOPT PACKING pc=0x00000238ad851067 sp=0x0000006054cfd6f0
Event: 24.581 Thread 0x000002390aec9200 DEOPT UNPACKING pc=0x00000238b3c44242 sp=0x0000006054cfcc60 mode 0
Event: 24.605 Thread 0x0000023907102840 DEOPT PACKING pc=0x00000238ad851067 sp=0x00000060541fdf30
Event: 24.605 Thread 0x0000023907102840 DEOPT UNPACKING pc=0x00000238b3c44242 sp=0x00000060541fd4a0 mode 0
Event: 24.613 Thread 0x0000023907102840 DEOPT PACKING pc=0x00000238ad851067 sp=0x00000060541fdf30
Event: 24.613 Thread 0x0000023907102840 DEOPT UNPACKING pc=0x00000238b3c44242 sp=0x00000060541fd4a0 mode 0
Event: 24.622 Thread 0x000002390aec9200 DEOPT PACKING pc=0x00000238ad851067 sp=0x0000006054cfd720
Event: 24.622 Thread 0x000002390aec9200 DEOPT UNPACKING pc=0x00000238b3c44242 sp=0x0000006054cfcc90 mode 0
Event: 24.648 Thread 0x000002390aec9200 DEOPT PACKING pc=0x00000238ad851067 sp=0x0000006054cfd720
Event: 24.648 Thread 0x000002390aec9200 DEOPT UNPACKING pc=0x00000238b3c44242 sp=0x0000006054cfcc90 mode 0
Event: 24.739 Thread 0x000002390aec9200 DEOPT PACKING pc=0x00000238ad851067 sp=0x0000006054cfd890
Event: 24.739 Thread 0x000002390aec9200 DEOPT UNPACKING pc=0x00000238b3c44242 sp=0x0000006054cfce00 mode 0

Classes loaded (20 events):
Event: 16.408 Loading class java/util/concurrent/CompletableFuture$UniAccept
Event: 16.412 Loading class java/util/concurrent/CompletableFuture$UniAccept done
Event: 16.413 Loading class java/util/concurrent/CompletableFuture$UniExceptionally
Event: 16.413 Loading class java/util/concurrent/CompletableFuture$UniExceptionally done
Event: 16.481 Loading class java/util/Hashtable$KeySet
Event: 16.481 Loading class java/util/Hashtable$KeySet done
Event: 16.934 Loading class java/lang/UnsupportedClassVersionError
Event: 16.934 Loading class java/lang/UnsupportedClassVersionError done
Event: 20.776 Loading class sun/nio/cs/ISO_8859_1$Decoder
Event: 20.776 Loading class sun/nio/cs/ISO_8859_1$Decoder done
Event: 22.985 Loading class java/util/stream/ReduceOps$4
Event: 22.985 Loading class java/util/stream/ReduceOps$4 done
Event: 22.985 Loading class java/util/stream/ReduceOps$4ReducingSink
Event: 22.985 Loading class java/util/stream/ReduceOps$4ReducingSink done
Event: 23.280 Loading class java/util/Collections$2
Event: 23.280 Loading class java/util/Collections$2 done
Event: 23.602 Loading class java/lang/invoke/MethodHandleImpl$CountingWrapper$1
Event: 23.603 Loading class java/lang/invoke/MethodHandleImpl$CountingWrapper$1 done
Event: 24.631 Loading class java/util/HashMap$EntrySpliterator
Event: 24.631 Loading class java/util/HashMap$EntrySpliterator done

Classes unloaded (7 events):
Event: 5.648 Thread 0x00000238a955f270 Unloading class 0x00000238c11a4000 'java/lang/invoke/LambdaForm$MH+0x00000238c11a4000'
Event: 5.648 Thread 0x00000238a955f270 Unloading class 0x00000238c11a3c00 'java/lang/invoke/LambdaForm$MH+0x00000238c11a3c00'
Event: 5.648 Thread 0x00000238a955f270 Unloading class 0x00000238c11a3800 'java/lang/invoke/LambdaForm$MH+0x00000238c11a3800'
Event: 5.648 Thread 0x00000238a955f270 Unloading class 0x00000238c11a3400 'java/lang/invoke/LambdaForm$MH+0x00000238c11a3400'
Event: 5.648 Thread 0x00000238a955f270 Unloading class 0x00000238c11a3000 'java/lang/invoke/LambdaForm$BMH+0x00000238c11a3000'
Event: 5.648 Thread 0x00000238a955f270 Unloading class 0x00000238c11a2c00 'java/lang/invoke/LambdaForm$DMH+0x00000238c11a2c00'
Event: 5.648 Thread 0x00000238a955f270 Unloading class 0x00000238c11a1800 'java/lang/invoke/LambdaForm$DMH+0x00000238c11a1800'

Classes redefined (0 events):
No events

Internal exceptions (20 events):
Event: 20.004 Thread 0x00000239071000e0 Exception <a 'java/lang/IncompatibleClassChangeError'{0x00000000d61eb3d0}: Found class java.lang.Object, but interface was expected> (0x00000000d61eb3d0) 
thrown [s\src\hotspot\share\interpreter\linkResolver.cpp, line 840]
Event: 22.144 Thread 0x0000023907102840 Implicit null exception at 0x00000238b47875a2 to 0x00000238b4787754
Event: 22.144 Thread 0x0000023907102840 Implicit null exception at 0x00000238b4732622 to 0x00000238b47327cc
Event: 22.998 Thread 0x00000239071000e0 Exception <a 'java/lang/NoSuchMethodError'{0x00000000d5908390}: 'int java.lang.invoke.DirectMethodHandle$Holder.invokeSpecialIFC(java.lang.Object, java.lang.Object, java.lang.Object)'> (0x00000000d5908390) 
thrown [s\src\hotspot\share\interpreter\linkResolver.cpp, line 773]
Event: 23.281 Thread 0x0000023907102840 Exception <a 'sun/nio/fs/WindowsException'{0x00000000d5eb4888}> (0x00000000d5eb4888) 
thrown [s\src\hotspot\share\prims\jni.cpp, line 520]
Event: 23.282 Thread 0x0000023907102840 Exception <a 'sun/nio/fs/WindowsException'{0x00000000d5eb5248}> (0x00000000d5eb5248) 
thrown [s\src\hotspot\share\prims\jni.cpp, line 520]
Event: 23.538 Thread 0x00000239071000e0 Exception <a 'java/lang/LinkageError'{0x00000000d5ad8b68}: loader lombok.launch.ShadowClassLoader @5bee4984 attempted duplicate class definition for lombok.launch.PatchFixesHider$ExtensionMethod. (lombok.launch.PatchFixesHider$ExtensionMethod is in unnamed module of loader lombok.launch.ShadowClassLoader @5bee4984, parent loader org.eclipse.osgi.internal.loader.EquinoxClassLoader @3b1e84a3)> (0x00000000d5ad8b68) 
thrown [s\src\hotspot\share\classfile\systemDictionary.cpp, line 1672]
Event: 23.594 Thread 0x0000023907101b20 Exception <a 'java/lang/NoSuchMethodError'{0x00000000d5d3bf90}: 'void java.lang.invoke.DirectMethodHandle$Holder.invokeStatic(java.lang.Object, int, java.lang.Object)'> (0x00000000d5d3bf90) 
thrown [s\src\hotspot\share\interpreter\linkResolver.cpp, line 773]
Event: 23.594 Thread 0x00000239071000e0 Exception <a 'java/lang/NoSuchMethodError'{0x00000000d5d168c0}: 'void java.lang.invoke.DirectMethodHandle$Holder.invokeStatic(java.lang.Object, int, java.lang.Object)'> (0x00000000d5d168c0) 
thrown [s\src\hotspot\share\interpreter\linkResolver.cpp, line 773]
Event: 23.715 Thread 0x0000023907101b20 Exception <a 'java/io/FileNotFoundException'{0x00000000d58be9f0}> (0x00000000d58be9f0) 
thrown [s\src\hotspot\share\prims\jni.cpp, line 520]
Event: 23.716 Thread 0x0000023907101b20 Exception <a 'java/io/FileNotFoundException'{0x00000000d58bfac8}> (0x00000000d58bfac8) 
thrown [s\src\hotspot\share\prims\jni.cpp, line 520]
Event: 23.716 Thread 0x0000023907101b20 Exception <a 'java/io/FileNotFoundException'{0x00000000d58c0828}> (0x00000000d58c0828) 
thrown [s\src\hotspot\share\prims\jni.cpp, line 520]
Event: 24.373 Thread 0x000002390aec9200 Exception <a 'sun/nio/fs/WindowsException'{0x00000000d5ddd818}> (0x00000000d5ddd818) 
thrown [s\src\hotspot\share\prims\jni.cpp, line 520]
Event: 24.373 Thread 0x000002390aec9200 Exception <a 'sun/nio/fs/WindowsException'{0x00000000d5dde1f8}> (0x00000000d5dde1f8) 
thrown [s\src\hotspot\share\prims\jni.cpp, line 520]
Event: 24.373 Thread 0x000002390aec9200 Exception <a 'sun/nio/fs/WindowsException'{0x00000000d5ddf1d0}> (0x00000000d5ddf1d0) 
thrown [s\src\hotspot\share\prims\jni.cpp, line 520]
Event: 24.373 Thread 0x000002390aec9200 Exception <a 'sun/nio/fs/WindowsException'{0x00000000d5ddfb90}> (0x00000000d5ddfb90) 
thrown [s\src\hotspot\share\prims\jni.cpp, line 520]
Event: 24.374 Thread 0x000002390aec9200 Exception <a 'sun/nio/fs/WindowsException'{0x00000000d5de1610}> (0x00000000d5de1610) 
thrown [s\src\hotspot\share\prims\jni.cpp, line 520]
Event: 24.374 Thread 0x000002390aec9200 Exception <a 'sun/nio/fs/WindowsException'{0x00000000d5de1fd0}> (0x00000000d5de1fd0) 
thrown [s\src\hotspot\share\prims\jni.cpp, line 520]
Event: 24.381 Thread 0x000002390aec9200 Exception <a 'sun/nio/fs/WindowsException'{0x00000000d5f5d350}> (0x00000000d5f5d350) 
thrown [s\src\hotspot\share\prims\jni.cpp, line 520]
Event: 24.381 Thread 0x000002390aec9200 Exception <a 'sun/nio/fs/WindowsException'{0x00000000d5f5dd10}> (0x00000000d5f5dd10) 
thrown [s\src\hotspot\share\prims\jni.cpp, line 520]

ZGC Phase Switch (0 events):
No events

VM Operations (20 events):
Event: 22.413 Executing safepoint VM operation: ParallelGCFailedAllocation (Allocation Failure)
Event: 22.416 Executing safepoint VM operation: ParallelGCFailedAllocation (Allocation Failure) done
Event: 22.492 Executing safepoint VM operation: CollectForMetadataAllocation (Metadata GC Threshold)
Event: 22.774 Executing safepoint VM operation: CollectForMetadataAllocation (Metadata GC Threshold) done
Event: 22.987 Executing non-safepoint VM operation: HandshakeAllThreads (Deoptimize)
Event: 22.989 Executing non-safepoint VM operation: HandshakeAllThreads (Deoptimize) done
Event: 23.005 Executing non-safepoint VM operation: HandshakeAllThreads (Deoptimize)
Event: 23.005 Executing non-safepoint VM operation: HandshakeAllThreads (Deoptimize) done
Event: 23.326 Executing non-safepoint VM operation: HandshakeAllThreads (Deoptimize)
Event: 23.333 Executing non-safepoint VM operation: HandshakeAllThreads (Deoptimize) done
Event: 23.482 Executing safepoint VM operation: ParallelGCFailedAllocation (Allocation Failure)
Event: 23.488 Executing safepoint VM operation: ParallelGCFailedAllocation (Allocation Failure) done
Event: 23.693 Executing safepoint VM operation: ParallelGCFailedAllocation (Allocation Failure)
Event: 23.696 Executing safepoint VM operation: ParallelGCFailedAllocation (Allocation Failure) done
Event: 23.947 Executing safepoint VM operation: ParallelGCFailedAllocation (Allocation Failure)
Event: 23.950 Executing safepoint VM operation: ParallelGCFailedAllocation (Allocation Failure) done
Event: 24.191 Executing safepoint VM operation: ParallelGCFailedAllocation (Allocation Failure)
Event: 24.195 Executing safepoint VM operation: ParallelGCFailedAllocation (Allocation Failure) done
Event: 24.576 Executing safepoint VM operation: ParallelGCFailedAllocation (Allocation Failure)
Event: 24.578 Executing safepoint VM operation: ParallelGCFailedAllocation (Allocation Failure) done

Memory protections (0 events):
No events

Nmethod flushes (20 events):
Event: 22.608 Thread 0x00000238a955f270 flushing  nmethod 0x00000238acfac210
Event: 22.608 Thread 0x00000238a955f270 flushing  nmethod 0x00000238acfb1190
Event: 22.608 Thread 0x00000238a955f270 flushing  nmethod 0x00000238acfcfe10
Event: 22.608 Thread 0x00000238a955f270 flushing  nmethod 0x00000238ad01e210
Event: 22.608 Thread 0x00000238a955f270 flushing  nmethod 0x00000238ad01f810
Event: 22.608 Thread 0x00000238a955f270 flushing  nmethod 0x00000238ad020810
Event: 22.608 Thread 0x00000238a955f270 flushing  nmethod 0x00000238ad020c90
Event: 22.608 Thread 0x00000238a955f270 flushing  nmethod 0x00000238ad021090
Event: 22.608 Thread 0x00000238a955f270 flushing  nmethod 0x00000238ad021510
Event: 22.608 Thread 0x00000238a955f270 flushing  nmethod 0x00000238ad027a10
Event: 22.608 Thread 0x00000238a955f270 flushing  nmethod 0x00000238ad028e90
Event: 22.608 Thread 0x00000238a955f270 flushing  nmethod 0x00000238ad029310
Event: 22.608 Thread 0x00000238a955f270 flushing  nmethod 0x00000238ad029910
Event: 22.608 Thread 0x00000238a955f270 flushing  nmethod 0x00000238ad02a090
Event: 22.608 Thread 0x00000238a955f270 flushing  nmethod 0x00000238ad02a490
Event: 22.608 Thread 0x00000238a955f270 flushing  nmethod 0x00000238ad02b310
Event: 22.608 Thread 0x00000238a955f270 flushing  nmethod 0x00000238ad02c890
Event: 22.608 Thread 0x00000238a955f270 flushing  nmethod 0x00000238ad030810
Event: 22.608 Thread 0x00000238a955f270 flushing osr nmethod 0x00000238ad061d10
Event: 22.608 Thread 0x00000238a955f270 flushing  nmethod 0x00000238ad082c90

Events (20 events):
Event: 8.412 Thread 0x00000238a94c36d0 Thread added: 0x00000239070ff3c0
Event: 9.248 Thread 0x00000238a94c36d0 Thread added: 0x0000023907106350
Event: 9.248 Thread 0x00000238a94c36d0 Thread added: 0x00000239071069e0
Event: 10.209 Thread 0x00000239071021b0 Thread added: 0x00000239070ffa50
Event: 10.210 Thread 0x00000239071021b0 Thread added: 0x00000239071000e0
Event: 10.225 Thread 0x00000239070ffa50 Thread added: 0x000002390aec9200
Event: 15.948 Thread 0x0000023906d805e0 Thread exited: 0x0000023906d805e0
Event: 16.363 Thread 0x00000238bfec18b0 Thread added: 0x0000023906d7eaa0
Event: 19.871 Thread 0x0000023907102840 Thread added: 0x000002390aeca5b0
Event: 19.872 Thread 0x0000023907102840 Thread added: 0x000002390aec5d80
Event: 19.873 Thread 0x0000023907102840 Thread added: 0x000002390aec56f0
Event: 19.873 Thread 0x0000023907102840 Thread added: 0x000002390aecb960
Event: 19.873 Thread 0x0000023907102840 Thread added: 0x000002390aecc680
Event: 22.132 Thread 0x000002390aeca5b0 Thread exited: 0x000002390aeca5b0
Event: 22.132 Thread 0x000002390aecc680 Thread exited: 0x000002390aecc680
Event: 22.132 Thread 0x000002390aec5d80 Thread exited: 0x000002390aec5d80
Event: 22.132 Thread 0x000002390aec56f0 Thread exited: 0x000002390aec56f0
Event: 22.133 Thread 0x000002390aecb960 Thread exited: 0x000002390aecb960
Event: 22.786 Thread 0x0000023906d7eaa0 Thread exited: 0x0000023906d7eaa0
Event: 23.410 Thread 0x00000238bfec18b0 Thread added: 0x0000023906d7ff10


Dynamic libraries:
0x00007ff6239c0000 - 0x00007ff6239ce000 	c:\Users\User\.vscode\extensions\redhat.java-1.53.0-win32-x64\jre\21.0.10-win32-x86_64\bin\java.exe
0x00007ff8b3270000 - 0x00007ff8b3468000 	C:\Windows\SYSTEM32\ntdll.dll
0x00007ff8b1940000 - 0x00007ff8b1a02000 	C:\Windows\System32\KERNEL32.DLL
0x00007ff8b0e20000 - 0x00007ff8b1116000 	C:\Windows\System32\KERNELBASE.dll
0x00007ff8ad600000 - 0x00007ff8ad694000 	C:\Windows\SYSTEM32\apphelp.dll
0x00007ff8b0900000 - 0x00007ff8b0a00000 	C:\Windows\System32\ucrtbase.dll
0x00007ff8aaff0000 - 0x00007ff8ab008000 	c:\Users\User\.vscode\extensions\redhat.java-1.53.0-win32-x64\jre\21.0.10-win32-x86_64\bin\jli.dll
0x00007ff8a2af0000 - 0x00007ff8a2b0e000 	c:\Users\User\.vscode\extensions\redhat.java-1.53.0-win32-x64\jre\21.0.10-win32-x86_64\bin\VCRUNTIME140.dll
0x00007ff8b1e70000 - 0x00007ff8b2011000 	C:\Windows\System32\USER32.dll
0x00007ff8b0df0000 - 0x00007ff8b0e12000 	C:\Windows\System32\win32u.dll
0x00007ff8a0a90000 - 0x00007ff8a0d2b000 	C:\Windows\WinSxS\amd64_microsoft.windows.common-controls_6595b64144ccf1df_6.0.19041.6456_none_60b8a6cb71f64256\COMCTL32.dll
0x00007ff8b2fc0000 - 0x00007ff8b2feb000 	C:\Windows\System32\GDI32.dll
0x00007ff8b0cd0000 - 0x00007ff8b0de9000 	C:\Windows\System32\gdi32full.dll
0x00007ff8b3190000 - 0x00007ff8b322e000 	C:\Windows\System32\msvcrt.dll
0x00007ff8b0be0000 - 0x00007ff8b0c7d000 	C:\Windows\System32\msvcp_win.dll
0x00007ff8b1db0000 - 0x00007ff8b1ddf000 	C:\Windows\System32\IMM32.DLL
0x00007ff8aa960000 - 0x00007ff8aa96c000 	c:\Users\User\.vscode\extensions\redhat.java-1.53.0-win32-x64\jre\21.0.10-win32-x86_64\bin\vcruntime140_1.dll
0x00007ff89a5b0000 - 0x00007ff89a63d000 	c:\Users\User\.vscode\extensions\redhat.java-1.53.0-win32-x64\jre\21.0.10-win32-x86_64\bin\msvcp140.dll
0x00007ff82f470000 - 0x00007ff830211000 	c:\Users\User\.vscode\extensions\redhat.java-1.53.0-win32-x64\jre\21.0.10-win32-x86_64\bin\server\jvm.dll
0x00007ff8b1a80000 - 0x00007ff8b1b31000 	C:\Windows\System32\ADVAPI32.dll
0x00007ff8b18a0000 - 0x00007ff8b193f000 	C:\Windows\System32\sechost.dll
0x00007ff8b1bc0000 - 0x00007ff8b1ce0000 	C:\Windows\System32\RPCRT4.dll
0x00007ff8b1260000 - 0x00007ff8b1287000 	C:\Windows\System32\bcrypt.dll
0x00007ff8b2100000 - 0x00007ff8b216b000 	C:\Windows\System32\WS2_32.dll
0x00007ff8afe50000 - 0x00007ff8afe9b000 	C:\Windows\SYSTEM32\POWRPROF.dll
0x00007ff8a2290000 - 0x00007ff8a229a000 	C:\Windows\SYSTEM32\VERSION.dll
0x00007ff8a0d60000 - 0x00007ff8a0d87000 	C:\Windows\SYSTEM32\WINMM.dll
0x00007ff8afcc0000 - 0x00007ff8afcd2000 	C:\Windows\SYSTEM32\UMPDC.dll
0x00007ff8ae730000 - 0x00007ff8ae742000 	C:\Windows\SYSTEM32\kernel.appcore.dll
0x00007ff8a4cb0000 - 0x00007ff8a4cba000 	c:\Users\User\.vscode\extensions\redhat.java-1.53.0-win32-x64\jre\21.0.10-win32-x86_64\bin\jimage.dll
0x00007ff8a0da0000 - 0x00007ff8a0fa1000 	C:\Windows\SYSTEM32\DBGHELP.DLL
0x00007ff89f3f0000 - 0x00007ff89f424000 	C:\Windows\SYSTEM32\dbgcore.DLL
0x00007ff8b11d0000 - 0x00007ff8b1252000 	C:\Windows\System32\bcryptPrimitives.dll
0x00007ff8a43e0000 - 0x00007ff8a43ef000 	c:\Users\User\.vscode\extensions\redhat.java-1.53.0-win32-x64\jre\21.0.10-win32-x86_64\bin\instrument.dll
0x00007ff899470000 - 0x00007ff899490000 	c:\Users\User\.vscode\extensions\redhat.java-1.53.0-win32-x64\jre\21.0.10-win32-x86_64\bin\java.dll
0x00007ff8b26a0000 - 0x00007ff8b2e10000 	C:\Windows\System32\SHELL32.dll
0x00007ff8ae930000 - 0x00007ff8af0d5000 	C:\Windows\SYSTEM32\windows.storage.dll
0x00007ff8b2340000 - 0x00007ff8b2694000 	C:\Windows\System32\combase.dll
0x00007ff8b0250000 - 0x00007ff8b027b000 	C:\Windows\SYSTEM32\Wldp.dll
0x00007ff8b1ce0000 - 0x00007ff8b1dad000 	C:\Windows\System32\OLEAUT32.dll
0x00007ff8b2290000 - 0x00007ff8b233d000 	C:\Windows\System32\SHCORE.dll
0x00007ff8b1a10000 - 0x00007ff8b1a6b000 	C:\Windows\System32\shlwapi.dll
0x00007ff8b0830000 - 0x00007ff8b0854000 	C:\Windows\SYSTEM32\profapi.dll
0x00007ff8993f0000 - 0x00007ff899408000 	c:\Users\User\.vscode\extensions\redhat.java-1.53.0-win32-x64\jre\21.0.10-win32-x86_64\bin\zip.dll
0x00007ff8a2d60000 - 0x00007ff8a2d70000 	C:\Users\User\.vscode\extensions\redhat.java-1.53.0-win32-x64\jre\21.0.10-win32-x86_64\bin\net.dll
0x00007ff8aabd0000 - 0x00007ff8aacda000 	C:\Windows\SYSTEM32\WINHTTP.dll
0x00007ff8b0030000 - 0x00007ff8b009a000 	C:\Windows\system32\mswsock.dll
0x00007ff8993d0000 - 0x00007ff8993e6000 	C:\Users\User\.vscode\extensions\redhat.java-1.53.0-win32-x64\jre\21.0.10-win32-x86_64\bin\nio.dll
0x00007ff8a2d30000 - 0x00007ff8a2d40000 	c:\Users\User\.vscode\extensions\redhat.java-1.53.0-win32-x64\jre\21.0.10-win32-x86_64\bin\verify.dll
0x00007ff899380000 - 0x00007ff8993c5000 	C:\Users\User\AppData\Roaming\Code\User\globalStorage\redhat.java\1.53.0\config_win\org.eclipse.equinox.launcher\org.eclipse.equinox.launcher.win32.win32.x86_64_1.3.0.v20260203-2149\eclipse_11919.dll
0x00007ff8b3060000 - 0x00007ff8b318b000 	C:\Windows\System32\ole32.dll
0x00007ff8b05a0000 - 0x00007ff8b05b8000 	C:\Windows\SYSTEM32\CRYPTSP.dll
0x00007ff8af900000 - 0x00007ff8af938000 	C:\Windows\system32\rsaenh.dll
0x00007ff8b07b0000 - 0x00007ff8b07de000 	C:\Windows\SYSTEM32\USERENV.dll
0x00007ff8b01c0000 - 0x00007ff8b01cc000 	C:\Windows\SYSTEM32\CRYPTBASE.dll
0x00007ff8afce0000 - 0x00007ff8afd1b000 	C:\Windows\SYSTEM32\IPHLPAPI.DLL
0x00007ff8b1a70000 - 0x00007ff8b1a78000 	C:\Windows\System32\NSI.dll
0x00007ff899330000 - 0x00007ff899379000 	C:\Users\User\AppData\Local\Temp\jna-2645995\jna6685639644298272651.dll
0x00007ff8b2ff0000 - 0x00007ff8b2ff8000 	C:\Windows\System32\PSAPI.DLL
0x00007ff8a9b50000 - 0x00007ff8a9b67000 	C:\Windows\SYSTEM32\dhcpcsvc6.DLL
0x00007ff8a9b30000 - 0x00007ff8a9b4d000 	C:\Windows\SYSTEM32\dhcpcsvc.DLL

JVMTI agents:
c:\Users\User\.vscode\extensions\redhat.java-1.53.0-win32-x64\lombok\lombok-1.18.39-4050.jar path:c:\Users\User\.vscode\extensions\redhat.java-1.53.0-win32-x64\jre\21.0.10-win32-x86_64\bin\instrument.dll, loaded, initialized, instrumentlib options:none

dbghelp: loaded successfully - version: 4.0.5 - missing functions: none
symbol engine: initialized successfully - sym options: 0x614 - pdb path: .;c:\Users\User\.vscode\extensions\redhat.java-1.53.0-win32-x64\jre\21.0.10-win32-x86_64\bin;C:\Windows\SYSTEM32;C:\Windows\WinSxS\amd64_microsoft.windows.common-controls_6595b64144ccf1df_6.0.19041.6456_none_60b8a6cb71f64256;c:\Users\User\.vscode\extensions\redhat.java-1.53.0-win32-x64\jre\21.0.10-win32-x86_64\bin\server;C:\Users\User\AppData\Roaming\Code\User\globalStorage\redhat.java\1.53.0\config_win\org.eclipse.equinox.launcher\org.eclipse.equinox.launcher.win32.win32.x86_64_1.3.0.v20260203-2149;C:\Users\User\AppData\Local\Temp\jna-2645995

VM Arguments:
jvm_args: --add-modules=ALL-SYSTEM --add-opens=java.base/java.util=ALL-UNNAMED --add-opens=java.base/java.lang=ALL-UNNAMED --add-opens=java.base/sun.nio.fs=ALL-UNNAMED -Declipse.application=org.eclipse.jdt.ls.core.id1 -Dosgi.bundles.defaultStartLevel=4 -Declipse.product=org.eclipse.jdt.ls.core.product -Djava.import.generatesMetadataFilesAtProjectRoot=false -DDetectVMInstallationsJob.disabled=true -Dfile.encoding=utf8 -XX:+UseParallelGC -XX:GCTimeRatio=4 -XX:AdaptiveSizePolicyWeight=90 -Dsun.zip.disableMemoryMapping=true -Xmx2G -Xms100m -Xlog:disable -javaagent:c:\Users\User\.vscode\extensions\redhat.java-1.53.0-win32-x64\lombok\lombok-1.18.39-4050.jar -XX:+HeapDumpOnOutOfMemoryError -XX:HeapDumpPath=c:\Users\User\AppData\Roaming\Code\User\workspaceStorage\3056e157a3494908675395ae7100e33f\redhat.java -Daether.dependencyCollector.impl=bf 
java_command: c:\Users\User\.vscode\extensions\redhat.java-1.53.0-win32-x64\server\plugins\org.eclipse.equinox.launcher_1.7.100.v20251111-0406.jar -configuration c:\Users\User\AppData\Roaming\Code\User\globalStorage\redhat.java\1.53.0\config_win -data c:\Users\User\AppData\Roaming\Code\User\workspaceStorage\3056e157a3494908675395ae7100e33f\redhat.java\jdt_ws --pipe=\\.\pipe\lsp-e3e5fda1e4aa3be06cac4a4f7c3d36bf-sock
java_class_path (initial): c:\Users\User\.vscode\extensions\redhat.java-1.53.0-win32-x64\server\plugins\org.eclipse.equinox.launcher_1.7.100.v20251111-0406.jar
Launcher Type: SUN_STANDARD

[Global flags]
    uintx AdaptiveSizePolicyWeight                 = 90                                        {product} {command line}
     intx CICompilerCount                          = 3                                         {product} {ergonomic}
    uintx GCTimeRatio                              = 4                                         {product} {command line}
     bool HeapDumpOnOutOfMemoryError               = true                                   {manageable} {command line}
    ccstr HeapDumpPath                             = c:\Users\User\AppData\Roaming\Code\User\workspaceStorage\3056e157a3494908675395ae7100e33f\redhat.java         {manageable} {command line}
   size_t InitialHeapSize                          = 104857600                                 {product} {command line}
   size_t MaxHeapSize                              = 2147483648                                {product} {command line}
   size_t MaxNewSize                               = 715653120                                 {product} {ergonomic}
   size_t MinHeapDeltaBytes                        = 524288                                    {product} {ergonomic}
   size_t MinHeapSize                              = 104857600                                 {product} {command line}
   size_t NewSize                                  = 34603008                                  {product} {ergonomic}
    uintx NonNMethodCodeHeapSize                   = 5832780                                {pd product} {ergonomic}
    uintx NonProfiledCodeHeapSize                  = 122912730                              {pd product} {ergonomic}
   size_t OldSize                                  = 70254592                                  {product} {ergonomic}
    uintx ProfiledCodeHeapSize                     = 122912730                              {pd product} {ergonomic}
    uintx ReservedCodeCacheSize                    = 251658240                              {pd product} {ergonomic}
     bool SegmentedCodeCache                       = true                                      {product} {ergonomic}
   size_t SoftMaxHeapSize                          = 2147483648                             {manageable} {ergonomic}
     bool UseCompressedOops                        = true                           {product lp64_product} {ergonomic}
     bool UseLargePagesIndividualAllocation        = false                                  {pd product} {ergonomic}
     bool UseParallelGC                            = true                                      {product} {command line}

Logging:
Log output configuration:
 #0: stdout all=off uptime,level,tags foldmultilines=false
 #1: stderr all=off uptime,level,tags foldmultilines=false

Release file:
JAVA_VERSION="21.0.10" 
MODULES="java.base java.compiler java.datatransfer java.xml java.prefs java.desktop java.instrument java.logging java.management java.security.sasl java.naming java.rmi java.management.rmi java.net.http java.scripting java.security.jgss java.transaction.xa java.sql java.sql.rowset java.xml.crypto java.se java.smartcardio jdk.accessibility jdk.internal.jvmstat jdk.attach jdk.charsets jdk.internal.opt jdk.zipfs jdk.compiler jdk.crypto.ec jdk.crypto.cryptoki jdk.crypto.mscapi jdk.dynalink jdk.internal.ed jdk.editpad jdk.hotspot.agent jdk.httpserver jdk.internal.le jdk.internal.vm.ci jdk.internal.vm.compiler jdk.internal.vm.compiler.management jdk.jartool jdk.javadoc jdk.jcmd jdk.management jdk.management.agent jdk.jconsole jdk.jdeps jdk.jdwp.agent jdk.jdi jdk.jfr jdk.jshell jdk.jsobject jdk.jstatd jdk.localedata jdk.management.jfr jdk.naming.dns jdk.naming.rmi jdk.net jdk.nio.mapmode jdk.random jdk.sctp jdk.security.auth jdk.security.jgss jdk.unsupported jdk.unsupported.desktop jdk.xml.dom" 

Environment Variables:
JAVA_HOME=C:\Program Files\Java\jdk-24
PATH=C:\Users\User\AppData\Local\Programs\Microsoft VS Code;C:\Program Files\Eclipse Adoptium\jdk-21.0.7.6-hotspot\bin;C:\Windows\system32;C:\Windows;C:\Windows\System32\Wbem;C:\Windows\System32\WindowsPowerShell\v1.0\;C:\Windows\System32\OpenSSH\;C:\Users\User\Downloads\dart-sdk\bin;C:\Users\User\AppData\Roaming\nvm;C:\Program Files\nodejs;C:\Program Files\Microsoft SQL Server\150\Tools\Binn\;C:\Program Files\Microsoft SQL Server\Client SDK\ODBC\170\Tools\Binn\;C:\Program Files\dotnet\;C:\Program Files\Java\jdk-24\bin;C:\Program Files\apache-maven-3.9.9\bin;C:\Program Files\Git\cmd;C:\flutter\bin;C:\ngrok;;C:\Program Files\Docker\Docker\resources\bin;C:\Program Files\MySQL\MySQL Shell 8.0\bin\;C:\Program Files\Eclipse Adoptium\jdk-21.0.7.6-hotspot\bin;C:\Windows\system32;C:\Windows;C:\Windows\System32\Wbem;C:\Windows\System32\WindowsPowerShell\v1.0\;C:\Windows\System32\OpenSSH\;C:\Users\User\Downloads\dart-sdk\bin;C:\Users\User\AppData\Roaming\nvm;C:\Program Files\nodejs;C:\Program Files\Microsoft SQL Server\150\Tools\Binn\;C:\Program Files\Microsoft SQL Server\Client SDK\ODBC\170\Tools\Binn\;C:\Program Files\dotnet\;C:\Program Files\Java\jdk-24\bin;C:\Program Files\apache-maven-3.9.9\bin;C:\Program Files\Git\cmd;C:\flutter\bin;C:\ngrok;;C:\Program Files\Docker\Docker\resources\bin;C:\apache-maven-3.9.x\bin;C:\Users\User\AppData\Local\Programs\Microsoft VS Code\bin;
USERNAME=User
OS=Windows_NT
PROCESSOR_IDENTIFIER=Intel64 Family 6 Model 69 Stepping 1, GenuineIntel
TMP=C:\Users\User\AppData\Local\Temp
TEMP=C:\Users\User\AppData\Local\Temp




Periodic native trim disabled

---------------  S Y S T E M  ---------------

OS:
 Windows 10 , 64 bit Build 19041 (10.0.19041.5915)
OS uptime: 0 days 5:48 hours
Hyper-V role detected

CPU: total 4 (initial active 4) (2 cores per cpu, 2 threads per core) family 6 model 69 stepping 1 microcode 0x25, cx8, cmov, fxsr, ht, mmx, sse, sse2, sse3, ssse3, sse4.1, sse4.2, popcnt, lzcnt, tsc, tscinvbit, avx, avx2, aes, erms, clmul, bmi1, bmi2, fma, vzeroupper, clflush, hv, rdtscp, f16c
Processor Information for the first 4 processors :
  Max Mhz: 2701, Current Mhz: 2701, Mhz Limit: 2701

Memory: 4k page, system-wide physical 8089M (414M free)
TotalPageFile size 14459M (AvailPageFile size 4M)
current process WorkingSet (physical memory assigned to process): 326M, peak: 335M
current process commit charge ("private bytes"): 384M, peak: 394M

vm_info: OpenJDK 64-Bit Server VM (21.0.10+7-LTS) for windows-amd64 JRE (21.0.10+7-LTS), built on 2026-01-20T00:00:00Z by "admin" with MS VC++ 17.12 (VS2022)

END.
